<?xml version="1.0" encoding="UTF-8"?>
<!-- Generated by org.testng.reporters.JUnitReportReporter -->
<testsuite name="Selenium_Ex.TNG_pms_login" tests="1" time="23.618" ignored="0" failures="0" timestamp="08 Feb 2017 09:53:28 GMT" skipped="0" hostname="DESKTOP-PSHU0OK" errors="0">
  <testcase name="f" time="23.618" classname="Selenium_Ex.TNG_pms_login"/>
</testsuite> <!-- Selenium_Ex.TNG_pms_login -->
